-------------------
2013
-------------------

11.14
Counter-Strike BreakThrough Edition Alpha Full Game + Survival Mod http://csomods.wordpress.com/

11.15
Македонски 语言加入
MODDB 页面建立, http://www.moddb.com/mods/csbte
选项中的语言不再是固定的了, 而是读取 language.lst

11.16
Македонски 输入支持..

11.17
地图随机修正.

11.18
记分牌位置修正.

11.23
增加 ServerBrowser.
修复 Modal 窗口可以切换控制台的 BUG.

11.24
修复增加 BOT 的进度条位置.
修复 Steam 版本 MOTD 无法显示.

11.27
将播放声音的 FMOD 更换成了 FMODEX.
支持 UTF8 的玩家名.

11.28
修复 elite 开枪问题. (感谢: wolfcser)

11.29
修复新菜单的多重换行问题

11.30
修复 ServerBrowser 查看无响应服务器信息崩溃问题.

12.8
支持 CSO 的 seq 格式

12.9
读取语言修改成自动搜索文件夹

12.13
修复了一个因错误而引起错误的错误, 该错误因游戏致命的错误而引起 C++ 运行库无限的错误弹窗.

12.15
修复某些使用 TGA 格式 overview 地图崩溃的问题
修复观察者视图时间不对的问题
修复 ToolTip 显示问题

12.16
修复 FreeType 找不到字符使用默认字体的功能.

12.30
优化 TGA 加载代码, 比游戏原版加载 TGA 速度有显著提升.
主题切换功能增强.

-------------------
2014
-------------------

2.9
增强非 FreeType 字体
修复了游戏重新启动时游戏偶尔无限进入的问题
修复游戏在 WIN7 下时偶尔导致键盘失效的问题
优化游戏 UI 的流畅度

2.13
提供原始鼠标输入的选项

2.25
增加更多的宽屏分辨率支持
修复重启游戏崩溃的问题
增强 CSO 主题效果
修复狙击开镜下看不到模型的问题
修复地图更换后游戏不正常的问题

3.6
重新绘制所有 HUD
修复 X64 下崩溃问题
优化 UI 内存分配